<?xml version="1.0" encoding="UTF-8"?>
<!-- Generated by org.testng.reporters.JUnitReportReporter -->
<testsuite hostname="LAPTOP-7E9GFJ90" failures="0" tests="1" name="demo2.Script" time="21.861" errors="0" timestamp="2023-04-02T16:15:32 IST" skipped="0">
  <testcase classname="demo2.Script" name="TestCreative2" time="21.861"/>
  <system-out/>
</testsuite> <!-- demo2.Script -->
